<?xml version="1.0" encoding="UTF-8"?>
<testng-results skipped="0" failed="0" ignored="0" total="1" passed="1">
  <reporter-output>
  </reporter-output>
  <suite name="Default suite" duration-ms="17524" started-at="2017-11-06T10:33:35Z" finished-at="2017-11-06T10:33:52Z">
    <groups>
    </groups>
    <test name="Default test" duration-ms="17524" started-at="2017-11-06T10:33:35Z" finished-at="2017-11-06T10:33:52Z">
      <class name="testcases.TC01_SignUpAnAccount">
        <test-method status="PASS" signature="openBrowser()[pri:0, instance:testcases.TC01_SignUpAnAccount@6d4b1c02]" name="openBrowser" is-config="true" duration-ms="4306" started-at="2017-11-06T02:33:35Z" finished-at="2017-11-06T02:33:39Z">
          <reporter-output>
          </reporter-output>
        </test-method> <!-- openBrowser -->
        <test-method status="PASS" signature="signUpAnAccount()[pri:0, instance:testcases.TC01_SignUpAnAccount@6d4b1c02]" name="signUpAnAccount" duration-ms="12509" started-at="2017-11-06T02:33:39Z" finished-at="2017-11-06T02:33:51Z">
          <reporter-output>
          </reporter-output>
        </test-method> <!-- signUpAnAccount -->
        <test-method status="PASS" signature="closeBrowser()[pri:0, instance:testcases.TC01_SignUpAnAccount@6d4b1c02]" name="closeBrowser" is-config="true" duration-ms="695" started-at="2017-11-06T02:33:51Z" finished-at="2017-11-06T02:33:52Z">
          <reporter-output>
          </reporter-output>
        </test-method> <!-- closeBrowser -->
      </class> <!-- testcases.TC01_SignUpAnAccount -->
    </test> <!-- Default test -->
  </suite> <!-- Default suite -->
</testng-results>
